<?xml version="1.0" encoding="UTF-8"?>
<testsuite name="com.mcxiv.app.util.BlendingTest" tests="1" skipped="0" failures="0" errors="0" timestamp="2021-08-04T10:13:33" hostname="ANIRUDHHP" time="0.026">
  <properties/>
  <testcase name="hardCheck()" classname="com.mcxiv.app.util.BlendingTest" time="0.026"/>
  <system-out><![CDATA[]]></system-out>
  <system-err><![CDATA[]]></system-err>
</testsuite>
