<?xml version="1.0" encoding="UTF-8"?>
<testsuite name="com.mcxiv.app.util.BlendingTest" tests="1" skipped="0" failures="0" errors="0" timestamp="2021-07-11T05:52:03" hostname="ANIRUDHHP" time="0.029">
  <properties/>
  <testcase name="hardCheck()" classname="com.mcxiv.app.util.BlendingTest" time="0.029"/>
  <system-out><![CDATA[]]></system-out>
  <system-err><![CDATA[]]></system-err>
</testsuite>
