<?xml version="1.0" encoding="UTF-8"?>
<testsuite name="com.mcxiv.app.util.LineTest" tests="1" skipped="0" failures="0" errors="0" timestamp="2021-06-30T10:21:17" hostname="ANIRUDHHP" time="0.265">
  <properties/>
  <testcase name="perpendicularLineTest()" classname="com.mcxiv.app.util.LineTest" time="0.265"/>
  <system-out><![CDATA[]]></system-out>
  <system-err><![CDATA[]]></system-err>
</testsuite>
